<?xml version="1.0" encoding="UTF-8"?>
<!-- Generated by org.testng.reporters.JUnitReportReporter -->
<testsuite hostname="DESKTOP-642GRUN" failures="0" tests="1" name="org.example.TestSuit" time="26.304" errors="0" timestamp="2022-12-10T13:21:49 GMT" skipped="0">
  <testcase classname="org.example.TestSuit" name="registerNewUser" time="26.304"/>
  <system-out/>
</testsuite> <!-- org.example.TestSuit -->
